<?xml version="1.0" encoding="UTF-8"?>
<testsuite xmlns:xsi="http://www.w3.org/2001/XMLSchema-instance" xsi:noNamespaceSchemaLocation="https://maven.apache.org/surefire/maven-surefire-plugin/xsd/surefire-test-report.xsd" version="3.0.2" name="com.example.stardust_springboot.admin.AdminIntegrationTests" time="31.214" tests="3" errors="0" skipped="0" failures="0" flakes="0">
  <properties>
[...]
</properties>
  <testcase name="normalUserCannotAccessAdminApiAndAdminCanReadDashboard" classname="com.example.stardust_springboot.admin.AdminIntegrationTests" time="3.792">
    <system-out><![CDATA[03:56:25.851 [main] INFO org.springframework.test.context.support.AnnotationConfigContextLoaderUtils -- Could not detect default configuration classes for test class [com.example.stardust_springboot.admin.AdminIntegrationTests]: AdminIntegrationTests does not declare any static, non-private, non-final, nested classes annotated with @Configuration.
03:56:26.154 [main] INFO org.springframework.boot.test.context.SpringBootTestContextBootstrapper -- Found @SpringBootConfiguration com.example.stardust_springboot.StardustSpringbootApplication for test class com.example.stardust_springboot.admin.AdminIntegrationTests
03:56:26.335 [main] INFO org.springframework.test.context.support.AnnotationConfigContextLoaderUtils -- Could not detect default configuration classes for test class [com.example.stardust_springboot.admin.AdminIntegrationTests]: AdminIntegrationTests does not declare any static, non-private, non-final, nested classes annotated with @Configuration.
03:56:26.342 [main] INFO org.springframework.boot.test.context.SpringBootTestContextBootstrapper -- Found @SpringBootConfiguration com.example.stardust_springboot.StardustSpringbootApplication for test class com.example.stardust_springboot.admin.AdminIntegrationTests
03:56:26.496 [main] INFO org.springframework.boot.devtools.restart.RestartApplicationListener -- Restart disabled due to context in which it is running

  .   ____          _            __ _ _
 /\\ / ___'_ __ _ _(_)_ __  __ _ \ \ \ \
( ( )\___ | '_ | '_| | '_ \/ _` | \ \ \ \
 \\/  ___)| |_)| | | | | || (_| |  ) ) ) )
  '  |____| .__|_| |_|_| |_\__, | / / / /
 =========|_|==============|___/=/_/_/_/

 :: Spring Boot ::                (v4.1.1)

2026-09-09T03:56:27.085+08:00  INFO 34156 --- [           main] c.e.s.admin.AdminIntegrationTests        : Starting AdminIntegrationTests using Java 21.0.9 with PID 34156 (started by 袁蒋涛 in E:\daxuexuexiziliao\keshe\AiChatSystem\stardust_springboot)
2026-09-09T03:56:27.088+08:00  INFO 34156 --- [           main] c.e.s.admin.AdminIntegrationTests        : No active profile set, falling back to 1 default profile: "default"
2026-09-09T03:56:28.789+08:00  INFO 34156 --- [           main] .s.d.r.c.RepositoryConfigurationDelegate : Bootstrapping Spring Data JPA repositories in DEFAULT mode.
2026-09-09T03:56:29.045+08:00  INFO 34156 --- [           main] .s.d.r.c.RepositoryConfigurationDelegate : Finished Spring Data repository scanning in 237 ms. Found 19 JPA repository interfaces.
2026-09-09T03:56:31.239+08:00  INFO 34156 --- [           main] com.zaxxer.hikari.HikariDataSource       : HikariPool-1 - Starting...
2026-09-09T03:56:39.527+08:00  INFO 34156 --- [           main] com.zaxxer.hikari.pool.HikariPool        : HikariPool-1 - Added connection conn0: url=jdbc:h2:mem:stardust user=SA
2026-09-09T03:56:39.529+08:00  INFO 34156 --- [           main] com.zaxxer.hikari.HikariDataSource       : HikariPool-1 - Start completed.
2026-09-09T03:56:39.549+08:00  INFO 34156 --- [           main] org.flywaydb.core.FlywayExecutor         : Database: jdbc:h2:mem:stardust (H2 2.4)
2026-09-09T03:56:39.649+08:00  WARN 34156 --- [           main] o.f.c.internal.database.base.Database    : Using H2 2.4.240 which is newer than the version Flyway has been verified with. The latest verified version of H2 is 2.3.232.
2026-09-09T03:56:39.727+08:00  INFO 34156 --- [           main] o.f.c.i.s.JdbcTableSchemaHistory         : Schema history table "public"."flyway_schema_history" does not exist yet
2026-09-09T03:56:39.732+08:00  INFO 34156 --- [           main] o.f.core.internal.command.DbValidate     : Successfully validated 9 migrations (execution time 00:00.036s)
2026-09-09T03:56:39.743+08:00  INFO 34156 --- [           main] o.f.c.i.s.JdbcTableSchemaHistory         : Creating Schema History table "public"."flyway_schema_history" ...
2026-09-09T03:56:39.805+08:00  INFO 34156 --- [           main] o.f.core.internal.command.DbMigrate      : Current version of schema "public": << Empty Schema >>
2026-09-09T03:56:39.840+08:00  INFO 34156 --- [           main] o.f.core.internal.command.DbMigrate      : Migrating schema "public" to version "1 - create core schema"
2026-09-09T03:56:40.362+08:00  INFO 34156 --- [           main] o.f.core.internal.command.DbMigrate      : Migrating schema "public" to version "2 - create auth schema"
2026-09-09T03:56:40.394+08:00  INFO 34156 --- [           main] o.f.core.internal.command.DbMigrate      : Migrating schema "public" to version "3 - extend chat message model"
2026-09-09T03:56:40.428+08:00  INFO 34156 --- [           main] o.f.core.internal.command.DbMigrate      : Migrating schema "public" to version "4 - create ai request log"
2026-09-09T03:56:40.445+08:00  INFO 34156 --- [           main] o.f.core.internal.command.DbMigrate      : Migrating schema "public" to version "5 - create user file storage"
2026-09-09T03:56:40.468+08:00  INFO 34156 --- [           main] o.f.core.internal.command.DbMigrate      : Migrating schema "public" to version "6 - create conversation summary"
2026-09-09T03:56:40.480+08:00  INFO 34156 --- [           main] o.f.core.internal.command.DbMigrate      : Migrating schema "public" to version "7 - create user memory"
2026-09-09T03:56:40.494+08:00  INFO 34156 --- [           main] o.f.core.internal.command.DbMigrate      : Migrating schema "public" to version "8 - create knowledge base rag"
2026-09-09T03:56:40.522+08:00  INFO 34156 --- [           main] o.f.core.internal.command.DbMigrate      : Migrating schema "public" to version "9 - create admin audit log"
2026-09-09T03:56:40.545+08:00  INFO 34156 --- [           main] o.f.core.internal.command.DbMigrate      : Successfully applied 9 migrations to schema "public", now at version v9 (execution time 00:00.615s)
2026-09-09T03:56:41.204+08:00  INFO 34156 --- [           main] org.hibernate.orm.jpa                    : HHH008540: Processing PersistenceUnitInfo [name: default]
2026-09-09T03:56:41.394+08:00  INFO 34156 --- [           main] org.hibernate.orm.core                   : HHH000001: Hibernate ORM core version 7.4.5.Final
2026-09-09T03:56:42.373+08:00  INFO 34156 --- [           main] o.s.o.j.p.SpringPersistenceUnitInfo      : No LoadTimeWeaver setup: ignoring JPA class transformer
2026-09-09T03:56:42.526+08:00  INFO 34156 --- [           main] org.hibernate.orm.connections.pooling    : HHH10001005: Database info:
	Database JDBC URL [jdbc:h2:mem:stardust]
	Database driver: H2 JDBC Driver
	Database dialect: H2Dialect
	Database version: 2.4.240
	Default catalog/schema: stardust/public
	Autocommit mode: undefined/unknown
	Isolation level: READ_COMMITTED [default READ_COMMITTED]
	JDBC fetch size: 100
	Pool: DataSourceConnectionProvider
	Minimum pool size: undefined/unknown
	Maximum pool size: undefined/unknown
2026-09-09T03:56:44.561+08:00  INFO 34156 --- [           main] org.hibernate.orm.core                   : HHH000489: No JTA platform available (set 'hibernate.transaction.jta.platform' to enable JTA platform integration)
2026-09-09T03:56:44.612+08:00  INFO 34156 --- [           main] j.LocalContainerEntityManagerFactoryBean : Initialized JPA EntityManagerFactory for persistence unit 'default'
2026-09-09T03:56:44.747+08:00  INFO 34156 --- [           main] o.s.d.j.r.query.QueryEnhancerFactories   : Hibernate is in classpath; If applicable, HQL parser will be used.
2026-09-09T03:56:50.524+08:00  INFO 34156 --- [           main] o.s.b.t.m.w.SpringBootMockServletContext : Initializing Spring TestDispatcherServlet ''
2026-09-09T03:56:50.525+08:00  INFO 34156 --- [           main] o.s.t.web.servlet.TestDispatcherServlet  : Initializing Servlet ''
2026-09-09T03:56:50.530+08:00  INFO 34156 --- [           main] o.s.t.web.servlet.TestDispatcherServlet  : Completed initialization in 5 ms
2026-09-09T03:56:50.713+08:00  INFO 34156 --- [           main] c.e.s.admin.AdminIntegrationTests        : Started AdminIntegrationTests in 24.24 seconds (process running for 28.936)
]]></system-out>
    <system-err><![CDATA[Mockito is currently self-attaching to enable the inline-mock-maker. This will no longer work in future releases of the JDK. Please add Mockito as an agent to your build as described in Mockito's documentation: https://javadoc.io/doc/org.mockito/mockito-core/latest/org.mockito/org/mockito/Mockito.html#0.3
WARNING: A Java agent has been loaded dynamically (E:\javawebsoftware\apache-maven-3.9.4\mvn_repo\net\bytebuddy\byte-buddy-agent\1.18.11\byte-buddy-agent-1.18.11.jar)
WARNING: If a serviceability tool is in use, please run with -XX:+EnableDynamicAgentLoading to hide this warning
WARNING: If a serviceability tool is not in use, please run with -Djdk.instrument.traceUsage for more information
WARNING: Dynamic loading of agents will be disallowed by default in a future release
]]></system-err>
  </testcase>
  <testcase name="adminCannotManageSuperAdminButSuperAdminCanBanUserAndAuditIt" classname="com.example.stardust_springboot.admin.AdminIntegrationTests" time="1.321">
    <system-out><![CDATA[2026-09-09T03:56:55.282+08:00  WARN 34156 --- [           main] c.e.s.c.e.GlobalExceptionHandler         : Business request rejected: code=FORBIDDEN
]]></system-out>
  </testcase>
  <testcase name="viewingConversationCreatesAuditAndProviderSecretReferenceIsNeverReturned" classname="com.example.stardust_springboot.admin.AdminIntegrationTests" time="0.648"/>
</testsuite>