<?xml version="1.0" encoding="UTF-8"?>
<testsuite xmlns:xsi="http://www.w3.org/2001/XMLSchema-instance" xsi:noNamespaceSchemaLocation="https://maven.apache.org/surefire/maven-surefire-plugin/xsd/surefire-test-report.xsd" version="3.0.2" name="com.example.stardust_springboot.ai.AiStreamingIntegrationTests" time="27.616" tests="8" errors="0" skipped="0" failures="0" flakes="0">
  <properties>
[...]
</properties>
  <testcase name="stopIsOwnerScopedAndPersistsStoppedState" classname="com.example.stardust_springboot.ai.AiStreamingIntegrationTests" time="4.259">
    <system-out><![CDATA[03:50:17.284 [main] INFO org.springframework.boot.test.context.SpringBootTestContextBootstrapper -- Found @SpringBootConfiguration com.example.stardust_springboot.StardustSpringbootApplication for test class com.example.stardust_springboot.ai.AiStreamingIntegrationTests
03:50:17.426 [main] INFO org.springframework.boot.test.context.SpringBootTestContextBootstrapper -- Found @SpringBootConfiguration com.example.stardust_springboot.StardustSpringbootApplication for test class com.example.stardust_springboot.ai.AiStreamingIntegrationTests
03:50:17.540 [main] INFO org.springframework.boot.devtools.restart.RestartApplicationListener -- Restart disabled due to context in which it is running

  .   ____          _            __ _ _
 /\\ / ___'_ __ _ _(_)_ __  __ _ \ \ \ \
( ( )\___ | '_ | '_| | '_ \/ _` | \ \ \ \
 \\/  ___)| |_)| | | | | || (_| |  ) ) ) )
  '  |____| .__|_| |_|_| |_\__, | / / / /
 =========|_|==============|___/=/_/_/_/

 :: Spring Boot ::                (v4.1.1)

2026-09-09T03:50:18.034+08:00  INFO 17724 --- [           main] c.e.s.ai.AiStreamingIntegrationTests     : Starting AiStreamingIntegrationTests using Java 21.0.9 with PID 17724 (started by 袁蒋涛 in E:\daxuexuexiziliao\keshe\AiChatSystem\stardust_springboot)
2026-09-09T03:50:18.038+08:00  INFO 17724 --- [           main] c.e.s.ai.AiStreamingIntegrationTests     : No active profile set, falling back to 1 default profile: "default"
2026-09-09T03:50:19.695+08:00  INFO 17724 --- [           main] .s.d.r.c.RepositoryConfigurationDelegate : Bootstrapping Spring Data JPA repositories in DEFAULT mode.
2026-09-09T03:50:19.967+08:00  INFO 17724 --- [           main] .s.d.r.c.RepositoryConfigurationDelegate : Finished Spring Data repository scanning in 258 ms. Found 19 JPA repository interfaces.
2026-09-09T03:50:22.709+08:00  INFO 17724 --- [           main] com.zaxxer.hikari.HikariDataSource       : HikariPool-1 - Starting...
2026-09-09T03:50:23.218+08:00  INFO 17724 --- [           main] com.zaxxer.hikari.pool.HikariPool        : HikariPool-1 - Added connection conn0: url=jdbc:h2:mem:stardust user=SA
2026-09-09T03:50:23.221+08:00  INFO 17724 --- [           main] com.zaxxer.hikari.HikariDataSource       : HikariPool-1 - Start completed.
2026-09-09T03:50:23.245+08:00  INFO 17724 --- [           main] org.flywaydb.core.FlywayExecutor         : Database: jdbc:h2:mem:stardust (H2 2.4)
2026-09-09T03:50:23.360+08:00  WARN 17724 --- [           main] o.f.c.internal.database.base.Database    : Using H2 2.4.240 which is newer than the version Flyway has been verified with. The latest verified version of H2 is 2.3.232.
2026-09-09T03:50:23.447+08:00  INFO 17724 --- [           main] o.f.c.i.s.JdbcTableSchemaHistory         : Schema history table "public"."flyway_schema_history" does not exist yet
2026-09-09T03:50:23.453+08:00  INFO 17724 --- [           main] o.f.core.internal.command.DbValidate     : Successfully validated 9 migrations (execution time 00:00.043s)
2026-09-09T03:50:23.465+08:00  INFO 17724 --- [           main] o.f.c.i.s.JdbcTableSchemaHistory         : Creating Schema History table "public"."flyway_schema_history" ...
2026-09-09T03:50:23.524+08:00  INFO 17724 --- [           main] o.f.core.internal.command.DbMigrate      : Current version of schema "public": << Empty Schema >>
2026-09-09T03:50:23.595+08:00  INFO 17724 --- [           main] o.f.core.internal.command.DbMigrate      : Migrating schema "public" to version "1 - create core schema"
2026-09-09T03:50:23.731+08:00  INFO 17724 --- [           main] o.f.core.internal.command.DbMigrate      : Migrating schema "public" to version "2 - create auth schema"
2026-09-09T03:50:23.776+08:00  INFO 17724 --- [           main] o.f.core.internal.command.DbMigrate      : Migrating schema "public" to version "3 - extend chat message model"
2026-09-09T03:50:23.824+08:00  INFO 17724 --- [           main] o.f.core.internal.command.DbMigrate      : Migrating schema "public" to version "4 - create ai request log"
2026-09-09T03:50:23.847+08:00  INFO 17724 --- [           main] o.f.core.internal.command.DbMigrate      : Migrating schema "public" to version "5 - create user file storage"
2026-09-09T03:50:23.877+08:00  INFO 17724 --- [           main] o.f.core.internal.command.DbMigrate      : Migrating schema "public" to version "6 - create conversation summary"
2026-09-09T03:50:23.894+08:00  INFO 17724 --- [           main] o.f.core.internal.command.DbMigrate      : Migrating schema "public" to version "7 - create user memory"
2026-09-09T03:50:23.914+08:00  INFO 17724 --- [           main] o.f.core.internal.command.DbMigrate      : Migrating schema "public" to version "8 - create knowledge base rag"
2026-09-09T03:50:23.945+08:00  INFO 17724 --- [           main] o.f.core.internal.command.DbMigrate      : Migrating schema "public" to version "9 - create admin audit log"
2026-09-09T03:50:23.983+08:00  INFO 17724 --- [           main] o.f.core.internal.command.DbMigrate      : Successfully applied 9 migrations to schema "public", now at version v9 (execution time 00:00.270s)
2026-09-09T03:50:24.577+08:00  INFO 17724 --- [           main] org.hibernate.orm.jpa                    : HHH008540: Processing PersistenceUnitInfo [name: default]
2026-09-09T03:50:24.823+08:00  INFO 17724 --- [           main] org.hibernate.orm.core                   : HHH000001: Hibernate ORM core version 7.4.5.Final
2026-09-09T03:50:25.637+08:00  INFO 17724 --- [           main] o.s.o.j.p.SpringPersistenceUnitInfo      : No LoadTimeWeaver setup: ignoring JPA class transformer
2026-09-09T03:50:25.775+08:00  INFO 17724 --- [           main] org.hibernate.orm.connections.pooling    : HHH10001005: Database info:
	Database JDBC URL [jdbc:h2:mem:stardust]
	Database driver: H2 JDBC Driver
	Database dialect: H2Dialect
	Database version: 2.4.240
	Default catalog/schema: stardust/public
	Autocommit mode: undefined/unknown
	Isolation level: READ_COMMITTED [default READ_COMMITTED]
	JDBC fetch size: 100
	Pool: DataSourceConnectionProvider
	Minimum pool size: undefined/unknown
	Maximum pool size: undefined/unknown
2026-09-09T03:50:27.739+08:00  INFO 17724 --- [           main] org.hibernate.orm.core                   : HHH000489: No JTA platform available (set 'hibernate.transaction.jta.platform' to enable JTA platform integration)
2026-09-09T03:50:27.787+08:00  INFO 17724 --- [           main] j.LocalContainerEntityManagerFactoryBean : Initialized JPA EntityManagerFactory for persistence unit 'default'
2026-09-09T03:50:27.981+08:00  INFO 17724 --- [           main] o.s.d.j.r.query.QueryEnhancerFactories   : Hibernate is in classpath; If applicable, HQL parser will be used.
2026-09-09T03:50:34.431+08:00  INFO 17724 --- [           main] o.s.b.t.m.w.SpringBootMockServletContext : Initializing Spring TestDispatcherServlet ''
2026-09-09T03:50:34.432+08:00  INFO 17724 --- [           main] o.s.t.web.servlet.TestDispatcherServlet  : Initializing Servlet ''
2026-09-09T03:50:34.440+08:00  INFO 17724 --- [           main] o.s.t.web.servlet.TestDispatcherServlet  : Completed initialization in 6 ms
2026-09-09T03:50:34.663+08:00  INFO 17724 --- [           main] c.e.s.ai.AiStreamingIntegrationTests     : Started AiStreamingIntegrationTests in 17.138 seconds (process running for 21.254)
2026-09-09T03:50:38.812+08:00  INFO 17724 --- [     virtual-59] c.e.s.ai.stream.AiStreamingService       : AI stream started requestId=01M21954D1Q6P6SYT4GV1ZEAVK userId=1 conversationId=01M219549MG01H5QR5164Y081S provider=test-provider-f0b639db7f model=external-test-model
2026-09-09T03:50:38.927+08:00  WARN 17724 --- [           main] c.e.s.c.e.GlobalExceptionHandler         : Business request rejected: code=RESOURCE_NOT_FOUND
2026-09-09T03:50:38.962+08:00  INFO 17724 --- [     virtual-59] c.e.s.ai.stream.AiStreamingService       : AI stream cancelled requestId=01M21954D1Q6P6SYT4GV1ZEAVK status=STOPPED
]]></system-out>
    <system-err><![CDATA[Mockito is currently self-attaching to enable the inline-mock-maker. This will no longer work in future releases of the JDK. Please add Mockito as an agent to your build as described in Mockito's documentation: https://javadoc.io/doc/org.mockito/mockito-core/latest/org.mockito/org/mockito/Mockito.html#0.3
WARNING: A Java agent has been loaded dynamically (E:\javawebsoftware\apache-maven-3.9.4\mvn_repo\net\bytebuddy\byte-buddy-agent\1.18.11\byte-buddy-agent-1.18.11.jar)
WARNING: If a serviceability tool is in use, please run with -XX:+EnableDynamicAgentLoading to hide this warning
WARNING: If a serviceability tool is not in use, please run with -Djdk.instrument.traceUsage for more information
WARNING: Dynamic loading of agents will be disallowed by default in a future release
]]></system-err>
  </testcase>
  <testcase name="providerFailureKeepsPartialResponseAndNeverLeavesStreamingStatus" classname="com.example.stardust_springboot.ai.AiStreamingIntegrationTests" time="0.495">
    <system-out><![CDATA[2026-09-09T03:50:39.498+08:00  INFO 17724 --- [     virtual-65] c.e.s.ai.stream.AiStreamingService       : AI stream started requestId=01M219553X6CY1NZD2FB52WZ4X userId=3 conversationId=01M219553D1EWM2JXMPYT7DDZ1 provider=test-provider-ff174b3692 model=external-test-model
2026-09-09T03:50:39.506+08:00  WARN 17724 --- [     virtual-65] c.e.s.ai.stream.AiStreamingService       : AI stream failed requestId=01M219553X6CY1NZD2FB52WZ4X status=FAILED errorCode=PROVIDER_RATE_LIMITED retryable=true
]]></system-out>
  </testcase>
  <testcase name="completeStreamPersistsContentUsageAndSendsDoneAfterward" classname="com.example.stardust_springboot.ai.AiStreamingIntegrationTests" time="0.445">
    <system-out><![CDATA[2026-09-09T03:50:39.965+08:00  INFO 17724 --- [     virtual-67] c.e.s.ai.stream.AiStreamingService       : AI stream started requestId=01M21955JGZQN03QBSP6TNTYR5 userId=4 conversationId=01M21955J2M5AFB3BYN7PY2Z96 provider=test-provider-e7901224d0 model=external-test-model
2026-09-09T03:50:39.986+08:00  INFO 17724 --- [     virtual-67] c.e.s.ai.stream.AiStreamingService       : AI stream completed requestId=01M21955JGZQN03QBSP6TNTYR5 status=COMPLETED totalTokens=9
]]></system-out>
  </testcase>
  <testcase name="springWatchdogCancelsHungStreamAndPersistsTimeout" classname="com.example.stardust_springboot.ai.AiStreamingIntegrationTests" time="1.38">
    <system-out><![CDATA[2026-09-09T03:50:40.378+08:00  INFO 17724 --- [     virtual-69] c.e.s.ai.stream.AiStreamingService       : AI stream started requestId=01M21955ZG6XGRT0DCRCGEF969 userId=5 conversationId=01M21955Z0VM1MEX9Z4G0HN9BJ provider=test-provider-f64c0a00da model=external-test-model
2026-09-09T03:50:41.390+08:00  WARN 17724 --- [     virtual-69] c.e.s.ai.stream.AiStreamingService       : AI stream timed out requestId=01M21955ZG6XGRT0DCRCGEF969 status=FAILED
]]></system-out>
  </testcase>
  <testcase name="timeoutAndProvider500MapToFailedTerminalEvents" classname="com.example.stardust_springboot.ai.AiStreamingIntegrationTests" time="0.33">
    <system-out><![CDATA[2026-09-09T03:50:41.652+08:00  INFO 17724 --- [     virtual-71] c.e.s.ai.stream.AiStreamingService       : AI stream started requestId=01M219577B0GFKKF98K7JZBM5N userId=6 conversationId=01M219576VQAV41H38AG1A4SHM provider=test-provider-d426787f9f model=external-test-model
2026-09-09T03:50:41.657+08:00  WARN 17724 --- [     virtual-71] c.e.s.ai.stream.AiStreamingService       : AI stream failed requestId=01M219577B0GFKKF98K7JZBM5N status=FAILED errorCode=AI_TIMEOUT retryable=true
2026-09-09T03:50:41.678+08:00  INFO 17724 --- [     virtual-73] c.e.s.ai.stream.AiStreamingService       : AI stream started requestId=01M2195787T5E4BYXYWGHEQTR3 userId=6 conversationId=01M219576VQAV41H38AG1A4SHM provider=test-provider-d426787f9f model=external-test-model
2026-09-09T03:50:41.684+08:00  WARN 17724 --- [     virtual-73] c.e.s.ai.stream.AiStreamingService       : AI stream failed requestId=01M2195787T5E4BYXYWGHEQTR3 status=FAILED errorCode=PROVIDER_UNAVAILABLE retryable=true
2026-09-09T03:50:41.712+08:00  INFO 17724 --- [     virtual-75] c.e.s.ai.stream.AiStreamingService       : AI stream started requestId=01M2195796BYPSQWV4Y1WVSGNQ userId=6 conversationId=01M219576VQAV41H38AG1A4SHM provider=test-provider-d426787f9f model=external-test-model
2026-09-09T03:50:41.712+08:00 ERROR 17724 --- [     virtual-75] c.e.s.ai.stream.AiStreamingService       : Unexpected AI stream failure requestId=01M2195796BYPSQWV4Y1WVSGNQ

java.lang.IllegalStateException: simulated Spring orchestration failure
	at com.example.stardust_springboot.ai.AiStreamingIntegrationTests$FakeAiGateway.stream(AiStreamingIntegrationTests.java:429) ~[test-classes/:na]
	at com.example.stardust_springboot.ai.stream.AiStreamingService.run(AiStreamingService.java:112) ~[classes/:na]
	at com.example.stardust_springboot.ai.stream.AiStreamingService.lambda$launch$2(AiStreamingService.java:78) ~[classes/:na]
	at java.base/java.util.concurrent.Executors$RunnableAdapter.call(Executors.java:572) ~[na:na]
	at java.base/java.util.concurrent.FutureTask.run(FutureTask.java:317) ~[na:na]
	at java.base/java.lang.VirtualThread.run(VirtualThread.java:329) ~[na:na]

]]></system-out>
  </testcase>
  <testcase name="chatAttachmentsReferenceOwnedUserFilesAndRemainSingleStoredObjects" classname="com.example.stardust_springboot.ai.AiStreamingIntegrationTests" time="0.807">
    <system-out><![CDATA[2026-09-09T03:50:42.466+08:00  INFO 17724 --- [     virtual-77] c.e.s.ai.stream.AiStreamingService       : AI stream started requestId=01M219580QASRX2VDF774X8ZV8 userId=7 conversationId=01M21957Y3TS2WE94PXC1K7SQT provider=test-provider-7bb763b400 model=external-test-model
2026-09-09T03:50:42.476+08:00  INFO 17724 --- [     virtual-77] c.e.s.ai.stream.AiStreamingService       : AI stream completed requestId=01M219580QASRX2VDF774X8ZV8 status=COMPLETED totalTokens=9
2026-09-09T03:50:42.508+08:00  WARN 17724 --- [           main] c.e.s.c.e.GlobalExceptionHandler         : Business request rejected: code=RESOURCE_NOT_FOUND
2026-09-09T03:50:42.530+08:00  WARN 17724 --- [           main] c.e.s.c.e.GlobalExceptionHandler         : Business request rejected: code=RESOURCE_STATE_CONFLICT
]]></system-out>
  </testcase>
  <testcase name="regenerateAndEditCreateOwnedMessageVariantsAndBranchContext" classname="com.example.stardust_springboot.ai.AiStreamingIntegrationTests" time="0.918">
    <system-out><![CDATA[2026-09-09T03:50:43.265+08:00  INFO 17724 --- [     virtual-79] c.e.s.ai.stream.AiStreamingService       : AI stream started requestId=01M21958SRY1VA13531F4XJ32R userId=9 conversationId=01M21958SB1PQWSFDD9VKKFS32 provider=test-provider-b1c4a2c1ae model=external-test-model
2026-09-09T03:50:43.277+08:00  INFO 17724 --- [     virtual-79] c.e.s.ai.stream.AiStreamingService       : AI stream completed requestId=01M21958SRY1VA13531F4XJ32R status=COMPLETED totalTokens=9
2026-09-09T03:50:43.304+08:00  WARN 17724 --- [           main] c.e.s.c.e.GlobalExceptionHandler         : Business request rejected: code=RESOURCE_NOT_FOUND
2026-09-09T03:50:43.336+08:00  INFO 17724 --- [     virtual-81] c.e.s.ai.stream.AiStreamingService       : AI stream started requestId=01M21958VXGCJFK68YJJQ7KDMN userId=9 conversationId=01M21958SB1PQWSFDD9VKKFS32 provider=test-provider-b1c4a2c1ae model=external-test-model
2026-09-09T03:50:43.348+08:00  INFO 17724 --- [     virtual-81] c.e.s.ai.stream.AiStreamingService       : AI stream completed requestId=01M21958VXGCJFK68YJJQ7KDMN status=COMPLETED totalTokens=9
2026-09-09T03:50:43.412+08:00  INFO 17724 --- [     virtual-83] c.e.s.ai.stream.AiStreamingService       : AI stream started requestId=01M21958YBVGPZ3EXQCECC5KR9 userId=9 conversationId=01M21958SB1PQWSFDD9VKKFS32 provider=test-provider-b1c4a2c1ae model=external-test-model
2026-09-09T03:50:43.426+08:00  INFO 17724 --- [     virtual-83] c.e.s.ai.stream.AiStreamingService       : AI stream completed requestId=01M21958YBVGPZ3EXQCECC5KR9 status=COMPLETED totalTokens=9
]]></system-out>
  </testcase>
  <testcase name="ownershipAndModelValidationHappenBeforeProviderCall" classname="com.example.stardust_springboot.ai.AiStreamingIntegrationTests" time="0.733">
    <system-out><![CDATA[2026-09-09T03:50:44.177+08:00  WARN 17724 --- [           main] c.e.s.c.e.GlobalExceptionHandler         : Business request rejected: code=RESOURCE_NOT_FOUND
2026-09-09T03:50:44.185+08:00  WARN 17724 --- [           main] c.e.s.c.e.GlobalExceptionHandler         : Business request rejected: code=RESOURCE_NOT_FOUND
]]></system-out>
  </testcase>
</testsuite>